<?xml version="1.0" encoding="UTF-8"?>
<testng-results skipped="0" failed="0" ignored="0" total="1" passed="1">
  <reporter-output>
  </reporter-output>
  <suite name="Default suite" duration-ms="2580" started-at="2021-06-15T15:13:52 EDT" finished-at="2021-06-15T15:13:55 EDT">
    <groups>
    </groups>
    <test name="Default test" duration-ms="2580" started-at="2021-06-15T15:13:52 EDT" finished-at="2021-06-15T15:13:55 EDT">
      <class name="com.qa.rest.tests.GetCallBDD">
        <test-method status="PASS" signature="test_title()[pri:0, instance:com.qa.rest.tests.GetCallBDD@6ee52dcd]" name="test_title" duration-ms="2506" started-at="2021-06-15T15:13:52 EDT" finished-at="2021-06-15T15:13:55 EDT">
          <reporter-output>
          </reporter-output>
        </test-method> <!-- test_title -->
      </class> <!-- com.qa.rest.tests.GetCallBDD -->
    </test> <!-- Default test -->
  </suite> <!-- Default suite -->
</testng-results>
